<?xml version="1.0" encoding="UTF-8"?>
<coverage generated="1623854991232" clover="3.2.0">
  <project timestamp="1623854991232" name="All files">
    <metrics statements="58" coveredstatements="58" conditionals="20" coveredconditionals="20" methods="13" coveredmethods="13" elements="91" coveredelements="91" complexity="0" loc="58" ncloc="58" packages="2" files="5" classes="5"/>
    <package name="src">
      <metrics statements="39" coveredstatements="39" conditionals="16" coveredconditionals="16" methods="9" coveredmethods="9"/>
      <file name="index.js" path="/Users/jinyang/code/ads/cli-plugin-doc/src/index.js">
        <metrics statements="39" coveredstatements="39" conditionals="16" coveredconditionals="16" methods="9" coveredmethods="9"/>
        <line num="1" count="1" type="stmt"/>
        <line num="2" count="1" type="stmt"/>
        <line num="3" count="1" type="stmt"/>
        <line num="4" count="1" type="stmt"/>
        <line num="5" count="1" type="stmt"/>
        <line num="6" count="1" type="stmt"/>
        <line num="7" count="1" type="stmt"/>
        <line num="8" count="1" type="stmt"/>
        <line num="9" count="1" type="stmt"/>
        <line num="27" count="5" type="stmt"/>
        <line num="28" count="5" type="stmt"/>
        <line num="29" count="4" type="stmt"/>
        <line num="30" count="4" type="cond" truecount="2" falsecount="0"/>
        <line num="31" count="1" type="stmt"/>
        <line num="33" count="3" type="stmt"/>
        <line num="48" count="7" type="cond" truecount="2" falsecount="0"/>
        <line num="49" count="1" type="stmt"/>
        <line num="51" count="7" type="stmt"/>
        <line num="52" count="7" type="stmt"/>
        <line num="54" count="7" type="cond" truecount="5" falsecount="0"/>
        <line num="55" count="5" type="stmt"/>
        <line num="58" count="7" type="cond" truecount="4" falsecount="0"/>
        <line num="59" count="5" type="stmt"/>
        <line num="62" count="7" type="stmt"/>
        <line num="67" count="7" type="stmt"/>
        <line num="68" count="6" type="stmt"/>
        <line num="79" count="17" type="stmt"/>
        <line num="80" count="16" type="stmt"/>
        <line num="81" count="17" type="stmt"/>
        <line num="82" count="17" type="stmt"/>
        <line num="83" count="26" type="stmt"/>
        <line num="84" count="26" type="stmt"/>
        <line num="85" count="26" type="cond" truecount="2" falsecount="0"/>
        <line num="86" count="26" type="stmt"/>
        <line num="88" count="17" type="stmt"/>
        <line num="92" count="1" type="stmt"/>
        <line num="101" count="6" type="stmt"/>
        <line num="133" count="1" type="stmt"/>
        <line num="137" count="1" type="stmt"/>
      </file>
    </package>
    <package name="src.utils">
      <metrics statements="19" coveredstatements="19" conditionals="4" coveredconditionals="4" methods="4" coveredmethods="4"/>
      <file name="config.js" path="/Users/jinyang/code/ads/cli-plugin-doc/src/utils/config.js">
        <metrics statements="5" coveredstatements="5" conditionals="0" coveredconditionals="0" methods="0" coveredmethods="0"/>
        <line num="1" count="1" type="stmt"/>
        <line num="2" count="1" type="stmt"/>
        <line num="3" count="1" type="stmt"/>
        <line num="4" count="1" type="stmt"/>
        <line num="24" count="1" type="stmt"/>
      </file>
      <file name="getFilesPath.js" path="/Users/jinyang/code/ads/cli-plugin-doc/src/utils/getFilesPath.js">
        <metrics statements="10" coveredstatements="10" conditionals="4" coveredconditionals="4" methods="3" coveredmethods="3"/>
        <line num="6" count="1" type="stmt"/>
        <line num="7" count="1" type="stmt"/>
        <line num="8" count="1" type="stmt"/>
        <line num="17" count="17" type="stmt"/>
        <line num="18" count="17" type="cond" truecount="4" falsecount="0"/>
        <line num="19" count="1" type="stmt"/>
        <line num="21" count="16" type="stmt"/>
        <line num="22" count="17" type="stmt"/>
        <line num="26" count="17" type="stmt"/>
        <line num="31" count="1" type="stmt"/>
      </file>
      <file name="jsdocRender.js" path="/Users/jinyang/code/ads/cli-plugin-doc/src/utils/jsdocRender.js">
        <metrics statements="3" coveredstatements="3" conditionals="0" coveredconditionals="0" methods="1" coveredmethods="1"/>
        <line num="6" count="1" type="stmt"/>
        <line num="15" count="5" type="stmt"/>
        <line num="18" count="1" type="stmt"/>
      </file>
      <file name="renderCode.js" path="/Users/jinyang/code/ads/cli-plugin-doc/src/utils/renderCode.js">
        <metrics statements="1" coveredstatements="1" conditionals="0" coveredconditionals="0" methods="0" coveredmethods="0"/>
        <line num="36" count="1" type="stmt"/>
      </file>
    </package>
  </project>
</coverage>
