{
  "/Users/jinyang/code/ads/cli-plugin-doc/src/index.js": {
    "path": "/Users/jinyang/code/ads/cli-plugin-doc/src/index.js",
    "statementMap": {
      "0": {
        "start": {
          "line": 1,
          "column": 12
        },
        "end": {
          "line": 1,
          "column": 26
        }
      },
      "1": {
        "start": {
          "line": 2,
          "column": 20
        },
        "end": {
          "line": 2,
          "column": 50
        }
      },
      "2": {
        "start": {
          "line": 3,
          "column": 21
        },
        "end": {
          "line": 3,
          "column": 52
        }
      },
      "3": {
        "start": {
          "line": 4,
          "column": 22
        },
        "end": {
          "line": 4,
          "column": 47
        }
      },
      "4": {
        "start": {
          "line": 5,
          "column": 13
        },
        "end": {
          "line": 5,
          "column": 28
        }
      },
      "5": {
        "start": {
          "line": 6,
          "column": 11
        },
        "end": {
          "line": 6,
          "column": 30
        }
      },
      "6": {
        "start": {
          "line": 7,
          "column": 42
        },
        "end": {
          "line": 7,
          "column": 69
        }
      },
      "7": {
        "start": {
          "line": 8,
          "column": 17
        },
        "end": {
          "line": 8,
          "column": 41
        }
      },
      "8": {
        "start": {
          "line": 9,
          "column": 19
        },
        "end": {
          "line": 9,
          "column": 48
        }
      },
      "9": {
        "start": {
          "line": 27,
          "column": 23
        },
        "end": {
          "line": 27,
          "column": 59
        }
      },
      "10": {
        "start": {
          "line": 28,
          "column": 27
        },
        "end": {
          "line": 28,
          "column": 66
        }
      },
      "11": {
        "start": {
          "line": 29,
          "column": 20
        },
        "end": {
          "line": 29,
          "column": 69
        }
      },
      "12": {
        "start": {
          "line": 30,
          "column": 8
        },
        "end": {
          "line": 34,
          "column": 9
        }
      },
      "13": {
        "start": {
          "line": 31,
          "column": 12
        },
        "end": {
          "line": 31,
          "column": 76
        }
      },
      "14": {
        "start": {
          "line": 33,
          "column": 12
        },
        "end": {
          "line": 33,
          "column": 23
        }
      },
      "15": {
        "start": {
          "line": 48,
          "column": 8
        },
        "end": {
          "line": 50,
          "column": 9
        }
      },
      "16": {
        "start": {
          "line": 49,
          "column": 12
        },
        "end": {
          "line": 49,
          "column": 59
        }
      },
      "17": {
        "start": {
          "line": 51,
          "column": 59
        },
        "end": {
          "line": 51,
          "column": 66
        }
      },
      "18": {
        "start": {
          "line": 52,
          "column": 25
        },
        "end": {
          "line": 52,
          "column": 27
        }
      },
      "19": {
        "start": {
          "line": 54,
          "column": 8
        },
        "end": {
          "line": 56,
          "column": 9
        }
      },
      "20": {
        "start": {
          "line": 55,
          "column": 12
        },
        "end": {
          "line": 55,
          "column": 85
        }
      },
      "21": {
        "start": {
          "line": 55,
          "column": 69
        },
        "end": {
          "line": 55,
          "column": 80
        }
      },
      "22": {
        "start": {
          "line": 58,
          "column": 8
        },
        "end": {
          "line": 60,
          "column": 9
        }
      },
      "23": {
        "start": {
          "line": 59,
          "column": 12
        },
        "end": {
          "line": 59,
          "column": 89
        }
      },
      "24": {
        "start": {
          "line": 59,
          "column": 72
        },
        "end": {
          "line": 59,
          "column": 84
        }
      },
      "25": {
        "start": {
          "line": 62,
          "column": 24
        },
        "end": {
          "line": 62,
          "column": 59
        }
      },
      "26": {
        "start": {
          "line": 67,
          "column": 8
        },
        "end": {
          "line": 67,
          "column": 36
        }
      },
      "27": {
        "start": {
          "line": 68,
          "column": 8
        },
        "end": {
          "line": 68,
          "column": 45
        }
      },
      "28": {
        "start": {
          "line": 79,
          "column": 26
        },
        "end": {
          "line": 79,
          "column": 47
        }
      },
      "29": {
        "start": {
          "line": 80,
          "column": 8
        },
        "end": {
          "line": 89,
          "column": 11
        }
      },
      "30": {
        "start": {
          "line": 81,
          "column": 26
        },
        "end": {
          "line": 81,
          "column": 28
        }
      },
      "31": {
        "start": {
          "line": 82,
          "column": 12
        },
        "end": {
          "line": 87,
          "column": 15
        }
      },
      "32": {
        "start": {
          "line": 83,
          "column": 28
        },
        "end": {
          "line": 83,
          "column": 65
        }
      },
      "33": {
        "start": {
          "line": 84,
          "column": 29
        },
        "end": {
          "line": 84,
          "column": 72
        }
      },
      "34": {
        "start": {
          "line": 85,
          "column": 16
        },
        "end": {
          "line": 85,
          "column": 46
        }
      },
      "35": {
        "start": {
          "line": 86,
          "column": 16
        },
        "end": {
          "line": 86,
          "column": 38
        }
      },
      "36": {
        "start": {
          "line": 88,
          "column": 12
        },
        "end": {
          "line": 88,
          "column": 25
        }
      },
      "37": {
        "start": {
          "line": 92,
          "column": 24
        },
        "end": {
          "line": 92,
          "column": 34
        }
      },
      "38": {
        "start": {
          "line": 101,
          "column": 24
        },
        "end": {
          "line": 101,
          "column": 59
        }
      },
      "39": {
        "start": {
          "line": 133,
          "column": 8
        },
        "end": {
          "line": 133,
          "column": 85
        }
      },
      "40": {
        "start": {
          "line": 137,
          "column": 0
        },
        "end": {
          "line": 137,
          "column": 24
        }
      }
    },
    "fnMap": {
      "0": {
        "name": "(anonymous_0)",
        "decl": {
          "start": {
            "line": 26,
            "column": 4
          },
          "end": {
            "line": 26,
            "column": 5
          }
        },
        "loc": {
          "start": {
            "line": 26,
            "column": 33
          },
          "end": {
            "line": 35,
            "column": 5
          }
        },
        "line": 26
      },
      "1": {
        "name": "(anonymous_1)",
        "decl": {
          "start": {
            "line": 46,
            "column": 4
          },
          "end": {
            "line": 46,
            "column": 5
          }
        },
        "loc": {
          "start": {
            "line": 46,
            "column": 64
          },
          "end": {
            "line": 69,
            "column": 5
          }
        },
        "line": 46
      },
      "2": {
        "name": "(anonymous_2)",
        "decl": {
          "start": {
            "line": 55,
            "column": 60
          },
          "end": {
            "line": 55,
            "column": 61
          }
        },
        "loc": {
          "start": {
            "line": 55,
            "column": 67
          },
          "end": {
            "line": 55,
            "column": 82
          }
        },
        "line": 55
      },
      "3": {
        "name": "(anonymous_3)",
        "decl": {
          "start": {
            "line": 59,
            "column": 63
          },
          "end": {
            "line": 59,
            "column": 64
          }
        },
        "loc": {
          "start": {
            "line": 59,
            "column": 70
          },
          "end": {
            "line": 59,
            "column": 86
          }
        },
        "line": 59
      },
      "4": {
        "name": "(anonymous_4)",
        "decl": {
          "start": {
            "line": 78,
            "column": 4
          },
          "end": {
            "line": 78,
            "column": 5
          }
        },
        "loc": {
          "start": {
            "line": 78,
            "column": 39
          },
          "end": {
            "line": 90,
            "column": 5
          }
        },
        "line": 78
      },
      "5": {
        "name": "(anonymous_5)",
        "decl": {
          "start": {
            "line": 80,
            "column": 29
          },
          "end": {
            "line": 80,
            "column": 30
          }
        },
        "loc": {
          "start": {
            "line": 80,
            "column": 38
          },
          "end": {
            "line": 89,
            "column": 9
          }
        },
        "line": 80
      },
      "6": {
        "name": "(anonymous_6)",
        "decl": {
          "start": {
            "line": 82,
            "column": 26
          },
          "end": {
            "line": 82,
            "column": 27
          }
        },
        "loc": {
          "start": {
            "line": 82,
            "column": 34
          },
          "end": {
            "line": 87,
            "column": 13
          }
        },
        "line": 82
      },
      "7": {
        "name": "(anonymous_7)",
        "decl": {
          "start": {
            "line": 100,
            "column": 4
          },
          "end": {
            "line": 100,
            "column": 5
          }
        },
        "loc": {
          "start": {
            "line": 100,
            "column": 32
          },
          "end": {
            "line": 124,
            "column": 5
          }
        },
        "line": 100
      },
      "8": {
        "name": "(anonymous_8)",
        "decl": {
          "start": {
            "line": 132,
            "column": 4
          },
          "end": {
            "line": 132,
            "column": 5
          }
        },
        "loc": {
          "start": {
            "line": 132,
            "column": 36
          },
          "end": {
            "line": 134,
            "column": 5
          }
        },
        "line": 132
      }
    },
    "branchMap": {
      "0": {
        "loc": {
          "start": {
            "line": 30,
            "column": 8
          },
          "end": {
            "line": 34,
            "column": 9
          }
        },
        "type": "if",
        "locations": [
          {
            "start": {
              "line": 30,
              "column": 8
            },
            "end": {
              "line": 34,
              "column": 9
            }
          },
          {
            "start": {
              "line": 30,
              "column": 8
            },
            "end": {
              "line": 34,
              "column": 9
            }
          }
        ],
        "line": 30
      },
      "1": {
        "loc": {
          "start": {
            "line": 46,
            "column": 40
          },
          "end": {
            "line": 46,
            "column": 62
          }
        },
        "type": "default-arg",
        "locations": [
          {
            "start": {
              "line": 46,
              "column": 58
            },
            "end": {
              "line": 46,
              "column": 62
            }
          }
        ],
        "line": 46
      },
      "2": {
        "loc": {
          "start": {
            "line": 48,
            "column": 8
          },
          "end": {
            "line": 50,
            "column": 9
          }
        },
        "type": "if",
        "locations": [
          {
            "start": {
              "line": 48,
              "column": 8
            },
            "end": {
              "line": 50,
              "column": 9
            }
          },
          {
            "start": {
              "line": 48,
              "column": 8
            },
            "end": {
              "line": 50,
              "column": 9
            }
          }
        ],
        "line": 48
      },
      "3": {
        "loc": {
          "start": {
            "line": 54,
            "column": 8
          },
          "end": {
            "line": 56,
            "column": 9
          }
        },
        "type": "if",
        "locations": [
          {
            "start": {
              "line": 54,
              "column": 8
            },
            "end": {
              "line": 56,
              "column": 9
            }
          },
          {
            "start": {
              "line": 54,
              "column": 8
            },
            "end": {
              "line": 56,
              "column": 9
            }
          }
        ],
        "line": 54
      },
      "4": {
        "loc": {
          "start": {
            "line": 54,
            "column": 12
          },
          "end": {
            "line": 54,
            "column": 84
          }
        },
        "type": "binary-expr",
        "locations": [
          {
            "start": {
              "line": 54,
              "column": 12
            },
            "end": {
              "line": 54,
              "column": 27
            }
          },
          {
            "start": {
              "line": 54,
              "column": 31
            },
            "end": {
              "line": 54,
              "column": 52
            }
          },
          {
            "start": {
              "line": 54,
              "column": 56
            },
            "end": {
              "line": 54,
              "column": 84
            }
          }
        ],
        "line": 54
      },
      "5": {
        "loc": {
          "start": {
            "line": 58,
            "column": 8
          },
          "end": {
            "line": 60,
            "column": 9
          }
        },
        "type": "if",
        "locations": [
          {
            "start": {
              "line": 58,
              "column": 8
            },
            "end": {
              "line": 60,
              "column": 9
            }
          },
          {
            "start": {
              "line": 58,
              "column": 8
            },
            "end": {
              "line": 60,
              "column": 9
            }
          }
        ],
        "line": 58
      },
      "6": {
        "loc": {
          "start": {
            "line": 58,
            "column": 12
          },
          "end": {
            "line": 58,
            "column": 65
          }
        },
        "type": "binary-expr",
        "locations": [
          {
            "start": {
              "line": 58,
              "column": 12
            },
            "end": {
              "line": 58,
              "column": 24
            }
          },
          {
            "start": {
              "line": 58,
              "column": 28
            },
            "end": {
              "line": 58,
              "column": 65
            }
          }
        ],
        "line": 58
      },
      "7": {
        "loc": {
          "start": {
            "line": 85,
            "column": 29
          },
          "end": {
            "line": 85,
            "column": 45
          }
        },
        "type": "binary-expr",
        "locations": [
          {
            "start": {
              "line": 85,
              "column": 29
            },
            "end": {
              "line": 85,
              "column": 39
            }
          },
          {
            "start": {
              "line": 85,
              "column": 43
            },
            "end": {
              "line": 85,
              "column": 45
            }
          }
        ],
        "line": 85
      }
    },
    "s": {
      "0": 1,
      "1": 1,
      "2": 1,
      "3": 1,
      "4": 1,
      "5": 1,
      "6": 1,
      "7": 1,
      "8": 1,
      "9": 5,
      "10": 5,
      "11": 4,
      "12": 4,
      "13": 1,
      "14": 3,
      "15": 7,
      "16": 1,
      "17": 7,
      "18": 7,
      "19": 7,
      "20": 5,
      "21": 5,
      "22": 7,
      "23": 5,
      "24": 4,
      "25": 7,
      "26": 7,
      "27": 6,
      "28": 17,
      "29": 16,
      "30": 17,
      "31": 17,
      "32": 26,
      "33": 26,
      "34": 26,
      "35": 26,
      "36": 17,
      "37": 1,
      "38": 6,
      "39": 1,
      "40": 1
    },
    "f": {
      "0": 5,
      "1": 7,
      "2": 5,
      "3": 4,
      "4": 17,
      "5": 17,
      "6": 26,
      "7": 6,
      "8": 1
    },
    "b": {
      "0": [
        1,
        3
      ],
      "1": [
        1
      ],
      "2": [
        1,
        6
      ],
      "3": [
        5,
        2
      ],
      "4": [
        7,
        6,
        5
      ],
      "5": [
        5,
        2
      ],
      "6": [
        7,
        6
      ],
      "7": [
        26,
        26
      ]
    },
    "_coverageSchema": "1a1c01bbd47fc00a2c39e90264f33305004495a9",
    "hash": "833f95a61434ea76917494fc32c2298abc1475cb"
  },
  "/Users/jinyang/code/ads/cli-plugin-doc/src/utils/config.js": {
    "path": "/Users/jinyang/code/ads/cli-plugin-doc/src/utils/config.js",
    "statementMap": {
      "0": {
        "start": {
          "line": 1,
          "column": 13
        },
        "end": {
          "line": 1,
          "column": 28
        }
      },
      "1": {
        "start": {
          "line": 2,
          "column": 24
        },
        "end": {
          "line": 2,
          "column": 75
        }
      },
      "2": {
        "start": {
          "line": 3,
          "column": 19
        },
        "end": {
          "line": 3,
          "column": 42
        }
      },
      "3": {
        "start": {
          "line": 4,
          "column": 22
        },
        "end": {
          "line": 22,
          "column": 1
        }
      },
      "4": {
        "start": {
          "line": 24,
          "column": 0
        },
        "end": {
          "line": 24,
          "column": 31
        }
      }
    },
    "fnMap": {},
    "branchMap": {},
    "s": {
      "0": 1,
      "1": 1,
      "2": 1,
      "3": 1,
      "4": 1
    },
    "f": {},
    "b": {},
    "_coverageSchema": "1a1c01bbd47fc00a2c39e90264f33305004495a9",
    "hash": "c56192b8a1fc6ce62f10a3a7a2c840c0129c9edc"
  },
  "/Users/jinyang/code/ads/cli-plugin-doc/src/utils/getFilesPath.js": {
    "path": "/Users/jinyang/code/ads/cli-plugin-doc/src/utils/getFilesPath.js",
    "statementMap": {
      "0": {
        "start": {
          "line": 6,
          "column": 16
        },
        "end": {
          "line": 6,
          "column": 35
        }
      },
      "1": {
        "start": {
          "line": 7,
          "column": 21
        },
        "end": {
          "line": 7,
          "column": 48
        }
      },
      "2": {
        "start": {
          "line": 8,
          "column": 13
        },
        "end": {
          "line": 8,
          "column": 28
        }
      },
      "3": {
        "start": {
          "line": 17,
          "column": 18
        },
        "end": {
          "line": 17,
          "column": 60
        }
      },
      "4": {
        "start": {
          "line": 18,
          "column": 4
        },
        "end": {
          "line": 20,
          "column": 5
        }
      },
      "5": {
        "start": {
          "line": 19,
          "column": 8
        },
        "end": {
          "line": 19,
          "column": 44
        }
      },
      "6": {
        "start": {
          "line": 21,
          "column": 4
        },
        "end": {
          "line": 28,
          "column": 20
        }
      },
      "7": {
        "start": {
          "line": 22,
          "column": 8
        },
        "end": {
          "line": 28,
          "column": 18
        }
      },
      "8": {
        "start": {
          "line": 26,
          "column": 24
        },
        "end": {
          "line": 26,
          "column": 47
        }
      },
      "9": {
        "start": {
          "line": 31,
          "column": 0
        },
        "end": {
          "line": 31,
          "column": 30
        }
      }
    },
    "fnMap": {
      "0": {
        "name": "getFilesPath",
        "decl": {
          "start": {
            "line": 16,
            "column": 9
          },
          "end": {
            "line": 16,
            "column": 21
          }
        },
        "loc": {
          "start": {
            "line": 16,
            "column": 38
          },
          "end": {
            "line": 29,
            "column": 1
          }
        },
        "line": 16
      },
      "1": {
        "name": "(anonymous_1)",
        "decl": {
          "start": {
            "line": 21,
            "column": 21
          },
          "end": {
            "line": 21,
            "column": 22
          }
        },
        "loc": {
          "start": {
            "line": 22,
            "column": 8
          },
          "end": {
            "line": 28,
            "column": 18
          }
        },
        "line": 22
      },
      "2": {
        "name": "(anonymous_2)",
        "decl": {
          "start": {
            "line": 25,
            "column": 25
          },
          "end": {
            "line": 25,
            "column": 26
          }
        },
        "loc": {
          "start": {
            "line": 26,
            "column": 24
          },
          "end": {
            "line": 26,
            "column": 47
          }
        },
        "line": 26
      }
    },
    "branchMap": {
      "0": {
        "loc": {
          "start": {
            "line": 18,
            "column": 4
          },
          "end": {
            "line": 20,
            "column": 5
          }
        },
        "type": "if",
        "locations": [
          {
            "start": {
              "line": 18,
              "column": 4
            },
            "end": {
              "line": 20,
              "column": 5
            }
          },
          {
            "start": {
              "line": 18,
              "column": 4
            },
            "end": {
              "line": 20,
              "column": 5
            }
          }
        ],
        "line": 18
      },
      "1": {
        "loc": {
          "start": {
            "line": 18,
            "column": 10
          },
          "end": {
            "line": 18,
            "column": 35
          }
        },
        "type": "binary-expr",
        "locations": [
          {
            "start": {
              "line": 18,
              "column": 10
            },
            "end": {
              "line": 18,
              "column": 15
            }
          },
          {
            "start": {
              "line": 18,
              "column": 19
            },
            "end": {
              "line": 18,
              "column": 35
            }
          }
        ],
        "line": 18
      }
    },
    "s": {
      "0": 1,
      "1": 1,
      "2": 1,
      "3": 17,
      "4": 17,
      "5": 1,
      "6": 16,
      "7": 17,
      "8": 17,
      "9": 1
    },
    "f": {
      "0": 17,
      "1": 17,
      "2": 17
    },
    "b": {
      "0": [
        1,
        16
      ],
      "1": [
        17,
        17
      ]
    },
    "_coverageSchema": "1a1c01bbd47fc00a2c39e90264f33305004495a9",
    "hash": "60ba6ae4fddec799cc686985858f6d001027d915"
  },
  "/Users/jinyang/code/ads/cli-plugin-doc/src/utils/jsdocRender.js": {
    "path": "/Users/jinyang/code/ads/cli-plugin-doc/src/utils/jsdocRender.js",
    "statementMap": {
      "0": {
        "start": {
          "line": 6,
          "column": 12
        },
        "end": {
          "line": 6,
          "column": 40
        }
      },
      "1": {
        "start": {
          "line": 15,
          "column": 4
        },
        "end": {
          "line": 15,
          "column": 31
        }
      },
      "2": {
        "start": {
          "line": 18,
          "column": 0
        },
        "end": {
          "line": 18,
          "column": 29
        }
      }
    },
    "fnMap": {
      "0": {
        "name": "jsdocRender",
        "decl": {
          "start": {
            "line": 14,
            "column": 9
          },
          "end": {
            "line": 14,
            "column": 20
          }
        },
        "loc": {
          "start": {
            "line": 14,
            "column": 30
          },
          "end": {
            "line": 16,
            "column": 1
          }
        },
        "line": 14
      }
    },
    "branchMap": {},
    "s": {
      "0": 1,
      "1": 5,
      "2": 1
    },
    "f": {
      "0": 5
    },
    "b": {},
    "_coverageSchema": "1a1c01bbd47fc00a2c39e90264f33305004495a9",
    "hash": "b6ba7f8a3512f69b3dead72c22381bec45369203"
  },
  "/Users/jinyang/code/ads/cli-plugin-doc/src/utils/renderCode.js": {
    "path": "/Users/jinyang/code/ads/cli-plugin-doc/src/utils/renderCode.js",
    "statementMap": {
      "0": {
        "start": {
          "line": 36,
          "column": 0
        },
        "end": {
          "line": 36,
          "column": 28
        }
      }
    },
    "fnMap": {},
    "branchMap": {},
    "s": {
      "0": 1
    },
    "f": {},
    "b": {},
    "_coverageSchema": "1a1c01bbd47fc00a2c39e90264f33305004495a9",
    "hash": "8c0994c28d0ec1fb2f461f980f17d9e0a3cfb640"
  }
}
