TN:
SF:src/index.js
FN:26,(anonymous_0)
FN:46,(anonymous_1)
FN:55,(anonymous_2)
FN:59,(anonymous_3)
FN:78,(anonymous_4)
FN:80,(anonymous_5)
FN:82,(anonymous_6)
FN:100,(anonymous_7)
FN:132,(anonymous_8)
FNF:9
FNH:9
FNDA:5,(anonymous_0)
FNDA:7,(anonymous_1)
FNDA:5,(anonymous_2)
FNDA:4,(anonymous_3)
FNDA:17,(anonymous_4)
FNDA:17,(anonymous_5)
FNDA:26,(anonymous_6)
FNDA:6,(anonymous_7)
FNDA:1,(anonymous_8)
DA:1,1
DA:2,1
DA:3,1
DA:4,1
DA:5,1
DA:6,1
DA:7,1
DA:8,1
DA:9,1
DA:27,5
DA:28,5
DA:29,4
DA:30,4
DA:31,1
DA:33,3
DA:48,7
DA:49,1
DA:51,7
DA:52,7
DA:54,7
DA:55,5
DA:58,7
DA:59,5
DA:62,7
DA:67,7
DA:68,6
DA:79,17
DA:80,16
DA:81,17
DA:82,17
DA:83,26
DA:84,26
DA:85,26
DA:86,26
DA:88,17
DA:92,1
DA:101,6
DA:133,1
DA:137,1
LF:39
LH:39
BRDA:30,0,0,1
BRDA:30,0,1,3
BRDA:46,1,0,1
BRDA:48,2,0,1
BRDA:48,2,1,6
BRDA:54,3,0,5
BRDA:54,3,1,2
BRDA:54,4,0,7
BRDA:54,4,1,6
BRDA:54,4,2,5
BRDA:58,5,0,5
BRDA:58,5,1,2
BRDA:58,6,0,7
BRDA:58,6,1,6
BRDA:85,7,0,26
BRDA:85,7,1,26
BRF:16
BRH:16
end_of_record
TN:
SF:src/utils/config.js
FNF:0
FNH:0
DA:1,1
DA:2,1
DA:3,1
DA:4,1
DA:24,1
LF:5
LH:5
BRF:0
BRH:0
end_of_record
TN:
SF:src/utils/getFilesPath.js
FN:16,getFilesPath
FN:21,(anonymous_1)
FN:25,(anonymous_2)
FNF:3
FNH:3
FNDA:17,getFilesPath
FNDA:17,(anonymous_1)
FNDA:17,(anonymous_2)
DA:6,1
DA:7,1
DA:8,1
DA:17,17
DA:18,17
DA:19,1
DA:21,16
DA:22,17
DA:26,17
DA:31,1
LF:10
LH:10
BRDA:18,0,0,1
BRDA:18,0,1,16
BRDA:18,1,0,17
BRDA:18,1,1,17
BRF:4
BRH:4
end_of_record
TN:
SF:src/utils/jsdocRender.js
FN:14,jsdocRender
FNF:1
FNH:1
FNDA:5,jsdocRender
DA:6,1
DA:15,5
DA:18,1
LF:3
LH:3
BRF:0
BRH:0
end_of_record
TN:
SF:src/utils/renderCode.js
FNF:0
FNH:0
DA:36,1
LF:1
LH:1
BRF:0
BRH:0
end_of_record
